  Gorner.cpp
  funcs.cpp
C:\Users\ДНС\Documents\GitHub\Lessons\Gorner\Gorner\funcs.cpp(1,1): warning C4828: Файл содержит знак, начинающийся со смещения 0x5e, который является недопустимым в текущей исходной кодировке (кодовая страница 65001).
C:\Users\ДНС\Documents\GitHub\Lessons\Gorner\Gorner\funcs.cpp(1,1): warning C4828: Файл содержит знак, начинающийся со смещения 0x60, который является недопустимым в текущей исходной кодировке (кодовая страница 65001).
C:\Users\ДНС\Documents\GitHub\Lessons\Gorner\Gorner\funcs.cpp(1,1): warning C4828: Файл содержит знак, начинающийся со смещения 0x63, который является недопустимым в текущей исходной кодировке (кодовая страница 65001).
C:\Users\ДНС\Documents\GitHub\Lessons\Gorner\Gorner\funcs.cpp(1,1): warning C4828: Файл содержит знак, начинающийся со смещения 0x67, который является недопустимым в текущей исходной кодировке (кодовая страница 65001).
C:\Users\ДНС\Documents\GitHub\Lessons\Gorner\Gorner\funcs.cpp(1,1): warning C4828: Файл содержит знак, начинающийся со смещения 0x6b, который является недопустимым в текущей исходной кодировке (кодовая страница 65001).
C:\Users\ДНС\Documents\GitHub\Lessons\Gorner\Gorner\funcs.cpp(1,1): warning C4828: Файл содержит знак, начинающийся со смещения 0x6e, который является недопустимым в текущей исходной кодировке (кодовая страница 65001).
C:\Users\ДНС\Documents\GitHub\Lessons\Gorner\Gorner\funcs.cpp(1,1): warning C4828: Файл содержит знак, начинающийся со смещения 0x71, который является недопустимым в текущей исходной кодировке (кодовая страница 65001).
C:\Users\ДНС\Documents\GitHub\Lessons\Gorner\Gorner\funcs.cpp(1,1): warning C4828: Файл содержит знак, начинающийся со смещения 0x74, который является недопустимым в текущей исходной кодировке (кодовая страница 65001).
C:\Users\ДНС\Documents\GitHub\Lessons\Gorner\Gorner\funcs.cpp(1,1): warning C4828: Файл содержит знак, начинающийся со смещения 0x7d, который является недопустимым в текущей исходной кодировке (кодовая страница 65001).
C:\Users\ДНС\Documents\GitHub\Lessons\Gorner\Gorner\funcs.cpp(1,1): warning C4828: Файл содержит знак, начинающийся со смещения 0x7f, который является недопустимым в текущей исходной кодировке (кодовая страница 65001).
C:\Users\ДНС\Documents\GitHub\Lessons\Gorner\Gorner\funcs.cpp(1,1): warning C4828: Файл содержит знак, начинающийся со смещения 0x82, который является недопустимым в текущей исходной кодировке (кодовая страница 65001).
C:\Users\ДНС\Documents\GitHub\Lessons\Gorner\Gorner\funcs.cpp(1,1): warning C4828: Файл содержит знак, начинающийся со смещения 0x8a, который является недопустимым в текущей исходной кодировке (кодовая страница 65001).
C:\Users\ДНС\Documents\GitHub\Lessons\Gorner\Gorner\funcs.cpp(1,1): warning C4828: Файл содержит знак, начинающийся со смещения 0x8c, который является недопустимым в текущей исходной кодировке (кодовая страница 65001).
C:\Users\ДНС\Documents\GitHub\Lessons\Gorner\Gorner\funcs.cpp(1,1): warning C4828: Файл содержит знак, начинающийся со смещения 0xed, который является недопустимым в текущей исходной кодировке (кодовая страница 65001).
C:\Users\ДНС\Documents\GitHub\Lessons\Gorner\Gorner\funcs.cpp(1,1): warning C4828: Файл содержит знак, начинающийся со смещения 0xef, который является недопустимым в текущей исходной кодировке (кодовая страница 65001).
C:\Users\ДНС\Documents\GitHub\Lessons\Gorner\Gorner\funcs.cpp(1,1): warning C4828: Файл содержит знак, начинающийся со смещения 0xf2, который является недопустимым в текущей исходной кодировке (кодовая страница 65001).
C:\Users\ДНС\Documents\GitHub\Lessons\Gorner\Gorner\funcs.cpp(1,1): warning C4828: Файл содержит знак, начинающийся со смещения 0xf6, который является недопустимым в текущей исходной кодировке (кодовая страница 65001).
C:\Users\ДНС\Documents\GitHub\Lessons\Gorner\Gorner\funcs.cpp(1,1): warning C4828: Файл содержит знак, начинающийся со смещения 0xf9, который является недопустимым в текущей исходной кодировке (кодовая страница 65001).
C:\Users\ДНС\Documents\GitHub\Lessons\Gorner\Gorner\funcs.cpp(1,1): warning C4828: Файл содержит знак, начинающийся со смещения 0xfc, который является недопустимым в текущей исходной кодировке (кодовая страница 65001).
C:\Users\ДНС\Documents\GitHub\Lessons\Gorner\Gorner\funcs.cpp(1,1): warning C4828: Файл содержит знак, начинающийся со смещения 0xff, который является недопустимым в текущей исходной кодировке (кодовая страница 65001).
C:\Users\ДНС\Documents\GitHub\Lessons\Gorner\Gorner\funcs.cpp(1,1): warning C4828: Файл содержит знак, начинающийся со смещения 0x102, который является недопустимым в текущей исходной кодировке (кодовая страница 65001).
C:\Users\ДНС\Documents\GitHub\Lessons\Gorner\Gorner\funcs.cpp(1,1): warning C4828: Файл содержит знак, начинающийся со смещения 0x103, который является недопустимым в текущей исходной кодировке (кодовая страница 65001).
C:\Users\ДНС\Documents\GitHub\Lessons\Gorner\Gorner\funcs.cpp(1,1): warning C4828: Файл содержит знак, начинающийся со смещения 0x106, который является недопустимым в текущей исходной кодировке (кодовая страница 65001).
C:\Users\ДНС\Documents\GitHub\Lessons\Gorner\Gorner\funcs.cpp(1,1): warning C4828: Файл содержит знак, начинающийся со смещения 0x109, который является недопустимым в текущей исходной кодировке (кодовая страница 65001).
C:\Users\ДНС\Documents\GitHub\Lessons\Gorner\Gorner\funcs.cpp(1,1): warning C4828: Файл содержит знак, начинающийся со смещения 0x10d, который является недопустимым в текущей исходной кодировке (кодовая страница 65001).
C:\Users\ДНС\Documents\GitHub\Lessons\Gorner\Gorner\funcs.cpp(1,1): warning C4828: Файл содержит знак, начинающийся со смещения 0x111, который является недопустимым в текущей исходной кодировке (кодовая страница 65001).
C:\Users\ДНС\Documents\GitHub\Lessons\Gorner\Gorner\funcs.cpp(1,1): warning C4828: Файл содержит знак, начинающийся со смещения 0x115, который является недопустимым в текущей исходной кодировке (кодовая страница 65001).
C:\Users\ДНС\Documents\GitHub\Lessons\Gorner\Gorner\funcs.cpp(1,1): warning C4828: Файл содержит знак, начинающийся со смещения 0x1a4, который является недопустимым в текущей исходной кодировке (кодовая страница 65001).
C:\Users\ДНС\Documents\GitHub\Lessons\Gorner\Gorner\funcs.cpp(1,1): warning C4828: Файл содержит знак, начинающийся со смещения 0x1a6, который является недопустимым в текущей исходной кодировке (кодовая страница 65001).
C:\Users\ДНС\Documents\GitHub\Lessons\Gorner\Gorner\funcs.cpp(1,1): warning C4828: Файл содержит знак, начинающийся со смещения 0x1a9, который является недопустимым в текущей исходной кодировке (кодовая страница 65001).
C:\Users\ДНС\Documents\GitHub\Lessons\Gorner\Gorner\funcs.cpp(1,1): warning C4828: Файл содержит знак, начинающийся со смещения 0x1ad, который является недопустимым в текущей исходной кодировке (кодовая страница 65001).
C:\Users\ДНС\Documents\GitHub\Lessons\Gorner\Gorner\funcs.cpp(1,1): warning C4828: Файл содержит знак, начинающийся со смещения 0x1b1, который является недопустимым в текущей исходной кодировке (кодовая страница 65001).
C:\Users\ДНС\Documents\GitHub\Lessons\Gorner\Gorner\funcs.cpp(1,1): warning C4828: Файл содержит знак, начинающийся со смещения 0x1b4, который является недопустимым в текущей исходной кодировке (кодовая страница 65001).
C:\Users\ДНС\Documents\GitHub\Lessons\Gorner\Gorner\funcs.cpp(1,1): warning C4828: Файл содержит знак, начинающийся со смещения 0x1b8, который является недопустимым в текущей исходной кодировке (кодовая страница 65001).
C:\Users\ДНС\Documents\GitHub\Lessons\Gorner\Gorner\funcs.cpp(1,1): warning C4828: Файл содержит знак, начинающийся со смещения 0x1bb, который является недопустимым в текущей исходной кодировке (кодовая страница 65001).
C:\Users\ДНС\Documents\GitHub\Lessons\Gorner\Gorner\funcs.cpp(1,1): warning C4828: Файл содержит знак, начинающийся со смещения 0x1c4, который является недопустимым в текущей исходной кодировке (кодовая страница 65001).
C:\Users\ДНС\Documents\GitHub\Lessons\Gorner\Gorner\funcs.cpp(1,1): warning C4828: Файл содержит знак, начинающийся со смещения 0x1c6, который является недопустимым в текущей исходной кодировке (кодовая страница 65001).
C:\Users\ДНС\Documents\GitHub\Lessons\Gorner\Gorner\funcs.cpp(1,1): warning C4828: Файл содержит знак, начинающийся со смещения 0x1c9, который является недопустимым в текущей исходной кодировке (кодовая страница 65001).
C:\Users\ДНС\Documents\GitHub\Lessons\Gorner\Gorner\funcs.cpp(1,1): warning C4828: Файл содержит знак, начинающийся со смещения 0x1d1, который является недопустимым в текущей исходной кодировке (кодовая страница 65001).
C:\Users\ДНС\Documents\GitHub\Lessons\Gorner\Gorner\funcs.cpp(1,1): warning C4828: Файл содержит знак, начинающийся со смещения 0x1d3, который является недопустимым в текущей исходной кодировке (кодовая страница 65001).
C:\Users\ДНС\Documents\GitHub\Lessons\Gorner\Gorner\funcs.cpp(1,1): warning C4828: Файл содержит знак, начинающийся со смещения 0x234, который является недопустимым в текущей исходной кодировке (кодовая страница 65001).
C:\Users\ДНС\Documents\GitHub\Lessons\Gorner\Gorner\funcs.cpp(1,1): warning C4828: Файл содержит знак, начинающийся со смещения 0x236, который является недопустимым в текущей исходной кодировке (кодовая страница 65001).
C:\Users\ДНС\Documents\GitHub\Lessons\Gorner\Gorner\funcs.cpp(1,1): warning C4828: Файл содержит знак, начинающийся со смещения 0x239, который является недопустимым в текущей исходной кодировке (кодовая страница 65001).
C:\Users\ДНС\Documents\GitHub\Lessons\Gorner\Gorner\funcs.cpp(1,1): warning C4828: Файл содержит знак, начинающийся со смещения 0x23d, который является недопустимым в текущей исходной кодировке (кодовая страница 65001).
C:\Users\ДНС\Documents\GitHub\Lessons\Gorner\Gorner\funcs.cpp(1,1): warning C4828: Файл содержит знак, начинающийся со смещения 0x240, который является недопустимым в текущей исходной кодировке (кодовая страница 65001).
C:\Users\ДНС\Documents\GitHub\Lessons\Gorner\Gorner\funcs.cpp(1,1): warning C4828: Файл содержит знак, начинающийся со смещения 0x243, который является недопустимым в текущей исходной кодировке (кодовая страница 65001).
C:\Users\ДНС\Documents\GitHub\Lessons\Gorner\Gorner\funcs.cpp(1,1): warning C4828: Файл содержит знак, начинающийся со смещения 0x246, который является недопустимым в текущей исходной кодировке (кодовая страница 65001).
C:\Users\ДНС\Documents\GitHub\Lessons\Gorner\Gorner\funcs.cpp(1,1): warning C4828: Файл содержит знак, начинающийся со смещения 0x249, который является недопустимым в текущей исходной кодировке (кодовая страница 65001).
C:\Users\ДНС\Documents\GitHub\Lessons\Gorner\Gorner\funcs.cpp(1,1): warning C4828: Файл содержит знак, начинающийся со смещения 0x24a, который является недопустимым в текущей исходной кодировке (кодовая страница 65001).
C:\Users\ДНС\Documents\GitHub\Lessons\Gorner\Gorner\funcs.cpp(1,1): warning C4828: Файл содержит знак, начинающийся со смещения 0x24d, который является недопустимым в текущей исходной кодировке (кодовая страница 65001).
C:\Users\ДНС\Documents\GitHub\Lessons\Gorner\Gorner\funcs.cpp(1,1): warning C4828: Файл содержит знак, начинающийся со смещения 0x250, который является недопустимым в текущей исходной кодировке (кодовая страница 65001).
C:\Users\ДНС\Documents\GitHub\Lessons\Gorner\Gorner\funcs.cpp(1,1): warning C4828: Файл содержит знак, начинающийся со смещения 0x254, который является недопустимым в текущей исходной кодировке (кодовая страница 65001).
C:\Users\ДНС\Documents\GitHub\Lessons\Gorner\Gorner\funcs.cpp(1,1): warning C4828: Файл содержит знак, начинающийся со смещения 0x258, который является недопустимым в текущей исходной кодировке (кодовая страница 65001).
C:\Users\ДНС\Documents\GitHub\Lessons\Gorner\Gorner\funcs.cpp(1,1): warning C4828: Файл содержит знак, начинающийся со смещения 0x25c, который является недопустимым в текущей исходной кодировке (кодовая страница 65001).
C:\Users\ДНС\Documents\GitHub\Lessons\Gorner\Gorner\funcs.cpp(1,1): warning C4828: Файл содержит знак, начинающийся со смещения 0x318, который является недопустимым в текущей исходной кодировке (кодовая страница 65001).
C:\Users\ДНС\Documents\GitHub\Lessons\Gorner\Gorner\funcs.cpp(1,1): warning C4828: Файл содержит знак, начинающийся со смещения 0x31a, который является недопустимым в текущей исходной кодировке (кодовая страница 65001).
C:\Users\ДНС\Documents\GitHub\Lessons\Gorner\Gorner\funcs.cpp(1,1): warning C4828: Файл содержит знак, начинающийся со смещения 0x31d, который является недопустимым в текущей исходной кодировке (кодовая страница 65001).
C:\Users\ДНС\Documents\GitHub\Lessons\Gorner\Gorner\funcs.cpp(1,1): warning C4828: Файл содержит знак, начинающийся со смещения 0x321, который является недопустимым в текущей исходной кодировке (кодовая страница 65001).
C:\Users\ДНС\Documents\GitHub\Lessons\Gorner\Gorner\funcs.cpp(1,1): warning C4828: Файл содержит знак, начинающийся со смещения 0x324, который является недопустимым в текущей исходной кодировке (кодовая страница 65001).
C:\Users\ДНС\Documents\GitHub\Lessons\Gorner\Gorner\funcs.cpp(1,1): warning C4828: Файл содержит знак, начинающийся со смещения 0x327, который является недопустимым в текущей исходной кодировке (кодовая страница 65001).
C:\Users\ДНС\Documents\GitHub\Lessons\Gorner\Gorner\funcs.cpp(1,1): warning C4828: Файл содержит знак, начинающийся со смещения 0x3e8, который является недопустимым в текущей исходной кодировке (кодовая страница 65001).
C:\Users\ДНС\Documents\GitHub\Lessons\Gorner\Gorner\funcs.cpp(1,1): warning C4828: Файл содержит знак, начинающийся со смещения 0x3eb, который является недопустимым в текущей исходной кодировке (кодовая страница 65001).
C:\Users\ДНС\Documents\GitHub\Lessons\Gorner\Gorner\funcs.cpp(1,1): warning C4828: Файл содержит знак, начинающийся со смещения 0x3ec, который является недопустимым в текущей исходной кодировке (кодовая страница 65001).
C:\Users\ДНС\Documents\GitHub\Lessons\Gorner\Gorner\funcs.cpp(1,1): warning C4828: Файл содержит знак, начинающийся со смещения 0x3ef, который является недопустимым в текущей исходной кодировке (кодовая страница 65001).
C:\Users\ДНС\Documents\GitHub\Lessons\Gorner\Gorner\funcs.cpp(1,1): warning C4828: Файл содержит знак, начинающийся со смещения 0x3f2, который является недопустимым в текущей исходной кодировке (кодовая страница 65001).
C:\Users\ДНС\Documents\GitHub\Lessons\Gorner\Gorner\funcs.cpp(1,1): warning C4828: Файл содержит знак, начинающийся со смещения 0x3f4, который является недопустимым в текущей исходной кодировке (кодовая страница 65001).
C:\Users\ДНС\Documents\GitHub\Lessons\Gorner\Gorner\funcs.cpp(1,1): warning C4828: Файл содержит знак, начинающийся со смещения 0x3f7, который является недопустимым в текущей исходной кодировке (кодовая страница 65001).
C:\Users\ДНС\Documents\GitHub\Lessons\Gorner\Gorner\funcs.cpp(1,1): warning C4828: Файл содержит знак, начинающийся со смещения 0x3fb, который является недопустимым в текущей исходной кодировке (кодовая страница 65001).
C:\Users\ДНС\Documents\GitHub\Lessons\Gorner\Gorner\funcs.cpp(1,1): warning C4828: Файл содержит знак, начинающийся со смещения 0x3fc, который является недопустимым в текущей исходной кодировке (кодовая страница 65001).
C:\Users\ДНС\Documents\GitHub\Lessons\Gorner\Gorner\funcs.cpp(1,1): warning C4828: Файл содержит знак, начинающийся со смещения 0x400, который является недопустимым в текущей исходной кодировке (кодовая страница 65001).
C:\Users\ДНС\Documents\GitHub\Lessons\Gorner\Gorner\funcs.cpp(1,1): warning C4828: Файл содержит знак, начинающийся со смещения 0x404, который является недопустимым в текущей исходной кодировке (кодовая страница 65001).
C:\Users\ДНС\Documents\GitHub\Lessons\Gorner\Gorner\funcs.cpp(1,1): warning C4828: Файл содержит знак, начинающийся со смещения 0x4ef, который является недопустимым в текущей исходной кодировке (кодовая страница 65001).
C:\Users\ДНС\Documents\GitHub\Lessons\Gorner\Gorner\funcs.cpp(1,1): warning C4828: Файл содержит знак, начинающийся со смещения 0x4f1, который является недопустимым в текущей исходной кодировке (кодовая страница 65001).
C:\Users\ДНС\Documents\GitHub\Lessons\Gorner\Gorner\funcs.cpp(1,1): warning C4828: Файл содержит знак, начинающийся со смещения 0x4f4, который является недопустимым в текущей исходной кодировке (кодовая страница 65001).
C:\Users\ДНС\Documents\GitHub\Lessons\Gorner\Gorner\funcs.cpp(1,1): warning C4828: Файл содержит знак, начинающийся со смещения 0x4f8, который является недопустимым в текущей исходной кодировке (кодовая страница 65001).
C:\Users\ДНС\Documents\GitHub\Lessons\Gorner\Gorner\funcs.cpp(1,1): warning C4828: Файл содержит знак, начинающийся со смещения 0x4fb, который является недопустимым в текущей исходной кодировке (кодовая страница 65001).
C:\Users\ДНС\Documents\GitHub\Lessons\Gorner\Gorner\funcs.cpp(1,1): warning C4828: Файл содержит знак, начинающийся со смещения 0x4fe, который является недопустимым в текущей исходной кодировке (кодовая страница 65001).
C:\Users\ДНС\Documents\GitHub\Lessons\Gorner\Gorner\funcs.cpp(1,1): warning C4828: Файл содержит знак, начинающийся со смещения 0x594, который является недопустимым в текущей исходной кодировке (кодовая страница 65001).
C:\Users\ДНС\Documents\GitHub\Lessons\Gorner\Gorner\funcs.cpp(1,1): warning C4828: Файл содержит знак, начинающийся со смещения 0x596, который является недопустимым в текущей исходной кодировке (кодовая страница 65001).
C:\Users\ДНС\Documents\GitHub\Lessons\Gorner\Gorner\funcs.cpp(1,1): warning C4828: Файл содержит знак, начинающийся со смещения 0x599, который является недопустимым в текущей исходной кодировке (кодовая страница 65001).
C:\Users\ДНС\Documents\GitHub\Lessons\Gorner\Gorner\funcs.cpp(1,1): warning C4828: Файл содержит знак, начинающийся со смещения 0x59d, который является недопустимым в текущей исходной кодировке (кодовая страница 65001).
C:\Users\ДНС\Documents\GitHub\Lessons\Gorner\Gorner\funcs.cpp(1,1): warning C4828: Файл содержит знак, начинающийся со смещения 0x5a0, который является недопустимым в текущей исходной кодировке (кодовая страница 65001).
C:\Users\ДНС\Documents\GitHub\Lessons\Gorner\Gorner\funcs.cpp(1,1): warning C4828: Файл содержит знак, начинающийся со смещения 0x5a4, который является недопустимым в текущей исходной кодировке (кодовая страница 65001).
C:\Users\ДНС\Documents\GitHub\Lessons\Gorner\Gorner\funcs.cpp(1,1): warning C4828: Файл содержит знак, начинающийся со смещения 0x5a7, который является недопустимым в текущей исходной кодировке (кодовая страница 65001).
C:\Users\ДНС\Documents\GitHub\Lessons\Gorner\Gorner\funcs.cpp(1,1): warning C4828: Файл содержит знак, начинающийся со смещения 0x5aa, который является недопустимым в текущей исходной кодировке (кодовая страница 65001).
C:\Users\ДНС\Documents\GitHub\Lessons\Gorner\Gorner\funcs.cpp(1,1): warning C4828: Файл содержит знак, начинающийся со смещения 0x5ad, который является недопустимым в текущей исходной кодировке (кодовая страница 65001).
C:\Users\ДНС\Documents\GitHub\Lessons\Gorner\Gorner\funcs.cpp(1,1): warning C4828: Файл содержит знак, начинающийся со смещения 0x5b0, который является недопустимым в текущей исходной кодировке (кодовая страница 65001).
C:\Users\ДНС\Documents\GitHub\Lessons\Gorner\Gorner\funcs.cpp(1,1): warning C4828: Файл содержит знак, начинающийся со смещения 0x5b2, который является недопустимым в текущей исходной кодировке (кодовая страница 65001).
C:\Users\ДНС\Documents\GitHub\Lessons\Gorner\Gorner\funcs.cpp(1,1): warning C4828: Файл содержит знак, начинающийся со смещения 0x5b5, который является недопустимым в текущей исходной кодировке (кодовая страница 65001).
C:\Users\ДНС\Documents\GitHub\Lessons\Gorner\Gorner\funcs.cpp(1,1): warning C4828: Файл содержит знак, начинающийся со смещения 0x5b9, который является недопустимым в текущей исходной кодировке (кодовая страница 65001).
C:\Users\ДНС\Documents\GitHub\Lessons\Gorner\Gorner\funcs.cpp(1,1): warning C4828: Файл содержит знак, начинающийся со смещения 0x5bd, который является недопустимым в текущей исходной кодировке (кодовая страница 65001).
C:\Users\ДНС\Documents\GitHub\Lessons\Gorner\Gorner\funcs.cpp(1,1): warning C4828: Файл содержит знак, начинающийся со смещения 0x5c1, который является недопустимым в текущей исходной кодировке (кодовая страница 65001).
C:\Users\ДНС\Documents\GitHub\Lessons\Gorner\Gorner\funcs.cpp(1,1): warning C4828: Файл содержит знак, начинающийся со смещения 0x5c5, который является недопустимым в текущей исходной кодировке (кодовая страница 65001).
C:\Users\ДНС\Documents\GitHub\Lessons\Gorner\Gorner\funcs.cpp(56,21): warning C4018: <: несоответствие типов со знаком и без знака
  Создание кода...
  Gorner.vcxproj -> C:\Users\ДНС\Documents\GitHub\Lessons\Gorner\Debug\Gorner.exe
