  funcs.cpp
C:\Users\ДНС\Documents\GitHub\Lessons\lesson4\lesson4\funcs.cpp(1,1): warning C4828: Файл содержит знак, начинающийся со смещения 0x1e5, который является недопустимым в текущей исходной кодировке (кодовая страница 65001).
C:\Users\ДНС\Documents\GitHub\Lessons\lesson4\lesson4\funcs.cpp(1,1): warning C4828: Файл содержит знак, начинающийся со смещения 0x1e7, который является недопустимым в текущей исходной кодировке (кодовая страница 65001).
C:\Users\ДНС\Documents\GitHub\Lessons\lesson4\lesson4\funcs.cpp(1,1): warning C4828: Файл содержит знак, начинающийся со смещения 0x1ea, который является недопустимым в текущей исходной кодировке (кодовая страница 65001).
C:\Users\ДНС\Documents\GitHub\Lessons\lesson4\lesson4\funcs.cpp(1,1): warning C4828: Файл содержит знак, начинающийся со смещения 0x1f2, который является недопустимым в текущей исходной кодировке (кодовая страница 65001).
C:\Users\ДНС\Documents\GitHub\Lessons\lesson4\lesson4\funcs.cpp(1,1): warning C4828: Файл содержит знак, начинающийся со смещения 0x1fa, который является недопустимым в текущей исходной кодировке (кодовая страница 65001).
C:\Users\ДНС\Documents\GitHub\Lessons\lesson4\lesson4\funcs.cpp(1,1): warning C4828: Файл содержит знак, начинающийся со смещения 0x1fd, который является недопустимым в текущей исходной кодировке (кодовая страница 65001).
C:\Users\ДНС\Documents\GitHub\Lessons\lesson4\lesson4\funcs.cpp(1,1): warning C4828: Файл содержит знак, начинающийся со смещения 0x201, который является недопустимым в текущей исходной кодировке (кодовая страница 65001).
C:\Users\ДНС\Documents\GitHub\Lessons\lesson4\lesson4\funcs.cpp(1,1): warning C4828: Файл содержит знак, начинающийся со смещения 0x225, который является недопустимым в текущей исходной кодировке (кодовая страница 65001).
C:\Users\ДНС\Documents\GitHub\Lessons\lesson4\lesson4\funcs.cpp(1,1): warning C4828: Файл содержит знак, начинающийся со смещения 0x227, который является недопустимым в текущей исходной кодировке (кодовая страница 65001).
C:\Users\ДНС\Documents\GitHub\Lessons\lesson4\lesson4\funcs.cpp(1,1): warning C4828: Файл содержит знак, начинающийся со смещения 0x22a, который является недопустимым в текущей исходной кодировке (кодовая страница 65001).
C:\Users\ДНС\Documents\GitHub\Lessons\lesson4\lesson4\funcs.cpp(1,1): warning C4828: Файл содержит знак, начинающийся со смещения 0x232, который является недопустимым в текущей исходной кодировке (кодовая страница 65001).
C:\Users\ДНС\Documents\GitHub\Lessons\lesson4\lesson4\funcs.cpp(1,1): warning C4828: Файл содержит знак, начинающийся со смещения 0x235, который является недопустимым в текущей исходной кодировке (кодовая страница 65001).
C:\Users\ДНС\Documents\GitHub\Lessons\lesson4\lesson4\funcs.cpp(1,1): warning C4828: Файл содержит знак, начинающийся со смещения 0x239, который является недопустимым в текущей исходной кодировке (кодовая страница 65001).
C:\Users\ДНС\Documents\GitHub\Lessons\lesson4\lesson4\funcs.cpp(1,1): warning C4828: Файл содержит знак, начинающийся со смещения 0x25b, который является недопустимым в текущей исходной кодировке (кодовая страница 65001).
C:\Users\ДНС\Documents\GitHub\Lessons\lesson4\lesson4\funcs.cpp(1,1): warning C4828: Файл содержит знак, начинающийся со смещения 0x25d, который является недопустимым в текущей исходной кодировке (кодовая страница 65001).
C:\Users\ДНС\Documents\GitHub\Lessons\lesson4\lesson4\funcs.cpp(1,1): warning C4828: Файл содержит знак, начинающийся со смещения 0x260, который является недопустимым в текущей исходной кодировке (кодовая страница 65001).
C:\Users\ДНС\Documents\GitHub\Lessons\lesson4\lesson4\funcs.cpp(1,1): warning C4828: Файл содержит знак, начинающийся со смещения 0x268, который является недопустимым в текущей исходной кодировке (кодовая страница 65001).
C:\Users\ДНС\Documents\GitHub\Lessons\lesson4\lesson4\funcs.cpp(1,1): warning C4828: Файл содержит знак, начинающийся со смещения 0x26b, который является недопустимым в текущей исходной кодировке (кодовая страница 65001).
C:\Users\ДНС\Documents\GitHub\Lessons\lesson4\lesson4\funcs.cpp(1,1): warning C4828: Файл содержит знак, начинающийся со смещения 0x26f, который является недопустимым в текущей исходной кодировке (кодовая страница 65001).
C:\Users\ДНС\Documents\GitHub\Lessons\lesson4\lesson4\funcs.cpp(1,1): warning C4828: Файл содержит знак, начинающийся со смещения 0x292, который является недопустимым в текущей исходной кодировке (кодовая страница 65001).
C:\Users\ДНС\Documents\GitHub\Lessons\lesson4\lesson4\funcs.cpp(1,1): warning C4828: Файл содержит знак, начинающийся со смещения 0x294, который является недопустимым в текущей исходной кодировке (кодовая страница 65001).
C:\Users\ДНС\Documents\GitHub\Lessons\lesson4\lesson4\funcs.cpp(1,1): warning C4828: Файл содержит знак, начинающийся со смещения 0x297, который является недопустимым в текущей исходной кодировке (кодовая страница 65001).
C:\Users\ДНС\Documents\GitHub\Lessons\lesson4\lesson4\funcs.cpp(1,1): warning C4828: Файл содержит знак, начинающийся со смещения 0x29a, который является недопустимым в текущей исходной кодировке (кодовая страница 65001).
C:\Users\ДНС\Documents\GitHub\Lessons\lesson4\lesson4\funcs.cpp(1,1): warning C4828: Файл содержит знак, начинающийся со смещения 0x29d, который является недопустимым в текущей исходной кодировке (кодовая страница 65001).
C:\Users\ДНС\Documents\GitHub\Lessons\lesson4\lesson4\funcs.cpp(1,1): warning C4828: Файл содержит знак, начинающийся со смещения 0x2a2, который является недопустимым в текущей исходной кодировке (кодовая страница 65001).
C:\Users\ДНС\Documents\GitHub\Lessons\lesson4\lesson4\funcs.cpp(1,1): warning C4828: Файл содержит знак, начинающийся со смещения 0x2a5, который является недопустимым в текущей исходной кодировке (кодовая страница 65001).
C:\Users\ДНС\Documents\GitHub\Lessons\lesson4\lesson4\funcs.cpp(1,1): warning C4828: Файл содержит знак, начинающийся со смещения 0x2a8, который является недопустимым в текущей исходной кодировке (кодовая страница 65001).
C:\Users\ДНС\Documents\GitHub\Lessons\lesson4\lesson4\funcs.cpp(1,1): warning C4828: Файл содержит знак, начинающийся со смещения 0x2ac, который является недопустимым в текущей исходной кодировке (кодовая страница 65001).
C:\Users\ДНС\Documents\GitHub\Lessons\lesson4\lesson4\funcs.cpp(1,1): warning C4828: Файл содержит знак, начинающийся со смещения 0x2b7, который является недопустимым в текущей исходной кодировке (кодовая страница 65001).
C:\Users\ДНС\Documents\GitHub\Lessons\lesson4\lesson4\funcs.cpp(1,1): warning C4828: Файл содержит знак, начинающийся со смещения 0x2ba, который является недопустимым в текущей исходной кодировке (кодовая страница 65001).
C:\Users\ДНС\Documents\GitHub\Lessons\lesson4\lesson4\funcs.cpp(1,1): warning C4828: Файл содержит знак, начинающийся со смещения 0x2bd, который является недопустимым в текущей исходной кодировке (кодовая страница 65001).
C:\Users\ДНС\Documents\GitHub\Lessons\lesson4\lesson4\funcs.cpp(1,1): warning C4828: Файл содержит знак, начинающийся со смещения 0x2c5, который является недопустимым в текущей исходной кодировке (кодовая страница 65001).
C:\Users\ДНС\Documents\GitHub\Lessons\lesson4\lesson4\funcs.cpp(1,1): warning C4828: Файл содержит знак, начинающийся со смещения 0x2c8, который является недопустимым в текущей исходной кодировке (кодовая страница 65001).
C:\Users\ДНС\Documents\GitHub\Lessons\lesson4\lesson4\funcs.cpp(1,1): warning C4828: Файл содержит знак, начинающийся со смещения 0x2cc, который является недопустимым в текущей исходной кодировке (кодовая страница 65001).
C:\Users\ДНС\Documents\GitHub\Lessons\lesson4\lesson4\funcs.cpp(1,1): warning C4828: Файл содержит знак, начинающийся со смещения 0x33d, который является недопустимым в текущей исходной кодировке (кодовая страница 65001).
C:\Users\ДНС\Documents\GitHub\Lessons\lesson4\lesson4\funcs.cpp(1,1): warning C4828: Файл содержит знак, начинающийся со смещения 0x33f, который является недопустимым в текущей исходной кодировке (кодовая страница 65001).
C:\Users\ДНС\Documents\GitHub\Lessons\lesson4\lesson4\funcs.cpp(1,1): warning C4828: Файл содержит знак, начинающийся со смещения 0x342, который является недопустимым в текущей исходной кодировке (кодовая страница 65001).
C:\Users\ДНС\Documents\GitHub\Lessons\lesson4\lesson4\funcs.cpp(1,1): warning C4828: Файл содержит знак, начинающийся со смещения 0x346, который является недопустимым в текущей исходной кодировке (кодовая страница 65001).
C:\Users\ДНС\Documents\GitHub\Lessons\lesson4\lesson4\funcs.cpp(1,1): warning C4828: Файл содержит знак, начинающийся со смещения 0x34a, который является недопустимым в текущей исходной кодировке (кодовая страница 65001).
C:\Users\ДНС\Documents\GitHub\Lessons\lesson4\lesson4\funcs.cpp(1,1): warning C4828: Файл содержит знак, начинающийся со смещения 0x34d, который является недопустимым в текущей исходной кодировке (кодовая страница 65001).
C:\Users\ДНС\Documents\GitHub\Lessons\lesson4\lesson4\funcs.cpp(1,1): warning C4828: Файл содержит знак, начинающийся со смещения 0x350, который является недопустимым в текущей исходной кодировке (кодовая страница 65001).
C:\Users\ДНС\Documents\GitHub\Lessons\lesson4\lesson4\funcs.cpp(1,1): warning C4828: Файл содержит знак, начинающийся со смещения 0x353, который является недопустимым в текущей исходной кодировке (кодовая страница 65001).
C:\Users\ДНС\Documents\GitHub\Lessons\lesson4\lesson4\funcs.cpp(1,1): warning C4828: Файл содержит знак, начинающийся со смещения 0x35c, который является недопустимым в текущей исходной кодировке (кодовая страница 65001).
C:\Users\ДНС\Documents\GitHub\Lessons\lesson4\lesson4\funcs.cpp(1,1): warning C4828: Файл содержит знак, начинающийся со смещения 0x35e, который является недопустимым в текущей исходной кодировке (кодовая страница 65001).
C:\Users\ДНС\Documents\GitHub\Lessons\lesson4\lesson4\funcs.cpp(1,1): warning C4828: Файл содержит знак, начинающийся со смещения 0x361, который является недопустимым в текущей исходной кодировке (кодовая страница 65001).
C:\Users\ДНС\Documents\GitHub\Lessons\lesson4\lesson4\funcs.cpp(1,1): warning C4828: Файл содержит знак, начинающийся со смещения 0x369, который является недопустимым в текущей исходной кодировке (кодовая страница 65001).
C:\Users\ДНС\Documents\GitHub\Lessons\lesson4\lesson4\funcs.cpp(1,1): warning C4828: Файл содержит знак, начинающийся со смещения 0x36b, который является недопустимым в текущей исходной кодировке (кодовая страница 65001).
C:\Users\ДНС\Documents\GitHub\Lessons\lesson4\lesson4\funcs.cpp(1,1): warning C4828: Файл содержит знак, начинающийся со смещения 0x3cc, который является недопустимым в текущей исходной кодировке (кодовая страница 65001).
C:\Users\ДНС\Documents\GitHub\Lessons\lesson4\lesson4\funcs.cpp(1,1): warning C4828: Файл содержит знак, начинающийся со смещения 0x3ce, который является недопустимым в текущей исходной кодировке (кодовая страница 65001).
C:\Users\ДНС\Documents\GitHub\Lessons\lesson4\lesson4\funcs.cpp(1,1): warning C4828: Файл содержит знак, начинающийся со смещения 0x3d1, который является недопустимым в текущей исходной кодировке (кодовая страница 65001).
C:\Users\ДНС\Documents\GitHub\Lessons\lesson4\lesson4\funcs.cpp(1,1): warning C4828: Файл содержит знак, начинающийся со смещения 0x3d5, который является недопустимым в текущей исходной кодировке (кодовая страница 65001).
C:\Users\ДНС\Documents\GitHub\Lessons\lesson4\lesson4\funcs.cpp(1,1): warning C4828: Файл содержит знак, начинающийся со смещения 0x3d8, который является недопустимым в текущей исходной кодировке (кодовая страница 65001).
C:\Users\ДНС\Documents\GitHub\Lessons\lesson4\lesson4\funcs.cpp(1,1): warning C4828: Файл содержит знак, начинающийся со смещения 0x3db, который является недопустимым в текущей исходной кодировке (кодовая страница 65001).
C:\Users\ДНС\Documents\GitHub\Lessons\lesson4\lesson4\funcs.cpp(1,1): warning C4828: Файл содержит знак, начинающийся со смещения 0x3de, который является недопустимым в текущей исходной кодировке (кодовая страница 65001).
C:\Users\ДНС\Documents\GitHub\Lessons\lesson4\lesson4\funcs.cpp(1,1): warning C4828: Файл содержит знак, начинающийся со смещения 0x3e1, который является недопустимым в текущей исходной кодировке (кодовая страница 65001).
C:\Users\ДНС\Documents\GitHub\Lessons\lesson4\lesson4\funcs.cpp(1,1): warning C4828: Файл содержит знак, начинающийся со смещения 0x3e2, который является недопустимым в текущей исходной кодировке (кодовая страница 65001).
C:\Users\ДНС\Documents\GitHub\Lessons\lesson4\lesson4\funcs.cpp(1,1): warning C4828: Файл содержит знак, начинающийся со смещения 0x3e5, который является недопустимым в текущей исходной кодировке (кодовая страница 65001).
C:\Users\ДНС\Documents\GitHub\Lessons\lesson4\lesson4\funcs.cpp(1,1): warning C4828: Файл содержит знак, начинающийся со смещения 0x3e8, который является недопустимым в текущей исходной кодировке (кодовая страница 65001).
C:\Users\ДНС\Documents\GitHub\Lessons\lesson4\lesson4\funcs.cpp(1,1): warning C4828: Файл содержит знак, начинающийся со смещения 0x3ec, который является недопустимым в текущей исходной кодировке (кодовая страница 65001).
C:\Users\ДНС\Documents\GitHub\Lessons\lesson4\lesson4\funcs.cpp(1,1): warning C4828: Файл содержит знак, начинающийся со смещения 0x3f0, который является недопустимым в текущей исходной кодировке (кодовая страница 65001).
C:\Users\ДНС\Documents\GitHub\Lessons\lesson4\lesson4\funcs.cpp(1,1): warning C4828: Файл содержит знак, начинающийся со смещения 0x3f4, который является недопустимым в текущей исходной кодировке (кодовая страница 65001).
C:\Users\ДНС\Documents\GitHub\Lessons\lesson4\lesson4\funcs.cpp(1,1): warning C4828: Файл содержит знак, начинающийся со смещения 0x483, который является недопустимым в текущей исходной кодировке (кодовая страница 65001).
C:\Users\ДНС\Documents\GitHub\Lessons\lesson4\lesson4\funcs.cpp(1,1): warning C4828: Файл содержит знак, начинающийся со смещения 0x485, который является недопустимым в текущей исходной кодировке (кодовая страница 65001).
C:\Users\ДНС\Documents\GitHub\Lessons\lesson4\lesson4\funcs.cpp(1,1): warning C4828: Файл содержит знак, начинающийся со смещения 0x488, который является недопустимым в текущей исходной кодировке (кодовая страница 65001).
C:\Users\ДНС\Documents\GitHub\Lessons\lesson4\lesson4\funcs.cpp(1,1): warning C4828: Файл содержит знак, начинающийся со смещения 0x48c, который является недопустимым в текущей исходной кодировке (кодовая страница 65001).
C:\Users\ДНС\Documents\GitHub\Lessons\lesson4\lesson4\funcs.cpp(1,1): warning C4828: Файл содержит знак, начинающийся со смещения 0x490, который является недопустимым в текущей исходной кодировке (кодовая страница 65001).
C:\Users\ДНС\Documents\GitHub\Lessons\lesson4\lesson4\funcs.cpp(1,1): warning C4828: Файл содержит знак, начинающийся со смещения 0x493, который является недопустимым в текущей исходной кодировке (кодовая страница 65001).
C:\Users\ДНС\Documents\GitHub\Lessons\lesson4\lesson4\funcs.cpp(1,1): warning C4828: Файл содержит знак, начинающийся со смещения 0x497, который является недопустимым в текущей исходной кодировке (кодовая страница 65001).
C:\Users\ДНС\Documents\GitHub\Lessons\lesson4\lesson4\funcs.cpp(1,1): warning C4828: Файл содержит знак, начинающийся со смещения 0x49a, который является недопустимым в текущей исходной кодировке (кодовая страница 65001).
C:\Users\ДНС\Documents\GitHub\Lessons\lesson4\lesson4\funcs.cpp(1,1): warning C4828: Файл содержит знак, начинающийся со смещения 0x4a3, который является недопустимым в текущей исходной кодировке (кодовая страница 65001).
C:\Users\ДНС\Documents\GitHub\Lessons\lesson4\lesson4\funcs.cpp(1,1): warning C4828: Файл содержит знак, начинающийся со смещения 0x4a5, который является недопустимым в текущей исходной кодировке (кодовая страница 65001).
C:\Users\ДНС\Documents\GitHub\Lessons\lesson4\lesson4\funcs.cpp(1,1): warning C4828: Файл содержит знак, начинающийся со смещения 0x4a8, который является недопустимым в текущей исходной кодировке (кодовая страница 65001).
C:\Users\ДНС\Documents\GitHub\Lessons\lesson4\lesson4\funcs.cpp(1,1): warning C4828: Файл содержит знак, начинающийся со смещения 0x4b0, который является недопустимым в текущей исходной кодировке (кодовая страница 65001).
C:\Users\ДНС\Documents\GitHub\Lessons\lesson4\lesson4\funcs.cpp(1,1): warning C4828: Файл содержит знак, начинающийся со смещения 0x4b2, который является недопустимым в текущей исходной кодировке (кодовая страница 65001).
C:\Users\ДНС\Documents\GitHub\Lessons\lesson4\lesson4\funcs.cpp(1,1): warning C4828: Файл содержит знак, начинающийся со смещения 0x513, который является недопустимым в текущей исходной кодировке (кодовая страница 65001).
C:\Users\ДНС\Documents\GitHub\Lessons\lesson4\lesson4\funcs.cpp(1,1): warning C4828: Файл содержит знак, начинающийся со смещения 0x515, который является недопустимым в текущей исходной кодировке (кодовая страница 65001).
C:\Users\ДНС\Documents\GitHub\Lessons\lesson4\lesson4\funcs.cpp(1,1): warning C4828: Файл содержит знак, начинающийся со смещения 0x518, который является недопустимым в текущей исходной кодировке (кодовая страница 65001).
C:\Users\ДНС\Documents\GitHub\Lessons\lesson4\lesson4\funcs.cpp(1,1): warning C4828: Файл содержит знак, начинающийся со смещения 0x51c, который является недопустимым в текущей исходной кодировке (кодовая страница 65001).
C:\Users\ДНС\Documents\GitHub\Lessons\lesson4\lesson4\funcs.cpp(1,1): warning C4828: Файл содержит знак, начинающийся со смещения 0x51f, который является недопустимым в текущей исходной кодировке (кодовая страница 65001).
C:\Users\ДНС\Documents\GitHub\Lessons\lesson4\lesson4\funcs.cpp(1,1): warning C4828: Файл содержит знак, начинающийся со смещения 0x522, который является недопустимым в текущей исходной кодировке (кодовая страница 65001).
C:\Users\ДНС\Documents\GitHub\Lessons\lesson4\lesson4\funcs.cpp(1,1): warning C4828: Файл содержит знак, начинающийся со смещения 0x525, который является недопустимым в текущей исходной кодировке (кодовая страница 65001).
C:\Users\ДНС\Documents\GitHub\Lessons\lesson4\lesson4\funcs.cpp(1,1): warning C4828: Файл содержит знак, начинающийся со смещения 0x528, который является недопустимым в текущей исходной кодировке (кодовая страница 65001).
C:\Users\ДНС\Documents\GitHub\Lessons\lesson4\lesson4\funcs.cpp(1,1): warning C4828: Файл содержит знак, начинающийся со смещения 0x529, который является недопустимым в текущей исходной кодировке (кодовая страница 65001).
C:\Users\ДНС\Documents\GitHub\Lessons\lesson4\lesson4\funcs.cpp(1,1): warning C4828: Файл содержит знак, начинающийся со смещения 0x52c, который является недопустимым в текущей исходной кодировке (кодовая страница 65001).
C:\Users\ДНС\Documents\GitHub\Lessons\lesson4\lesson4\funcs.cpp(1,1): warning C4828: Файл содержит знак, начинающийся со смещения 0x52f, который является недопустимым в текущей исходной кодировке (кодовая страница 65001).
C:\Users\ДНС\Documents\GitHub\Lessons\lesson4\lesson4\funcs.cpp(1,1): warning C4828: Файл содержит знак, начинающийся со смещения 0x533, который является недопустимым в текущей исходной кодировке (кодовая страница 65001).
C:\Users\ДНС\Documents\GitHub\Lessons\lesson4\lesson4\funcs.cpp(1,1): warning C4828: Файл содержит знак, начинающийся со смещения 0x537, который является недопустимым в текущей исходной кодировке (кодовая страница 65001).
C:\Users\ДНС\Documents\GitHub\Lessons\lesson4\lesson4\funcs.cpp(1,1): warning C4828: Файл содержит знак, начинающийся со смещения 0x53b, который является недопустимым в текущей исходной кодировке (кодовая страница 65001).
C:\Users\ДНС\Documents\GitHub\Lessons\lesson4\lesson4\funcs.cpp(1,1): warning C4828: Файл содержит знак, начинающийся со смещения 0x5f7, который является недопустимым в текущей исходной кодировке (кодовая страница 65001).
C:\Users\ДНС\Documents\GitHub\Lessons\lesson4\lesson4\funcs.cpp(1,1): warning C4828: Файл содержит знак, начинающийся со смещения 0x5f9, который является недопустимым в текущей исходной кодировке (кодовая страница 65001).
C:\Users\ДНС\Documents\GitHub\Lessons\lesson4\lesson4\funcs.cpp(1,1): warning C4828: Файл содержит знак, начинающийся со смещения 0x5fc, который является недопустимым в текущей исходной кодировке (кодовая страница 65001).
C:\Users\ДНС\Documents\GitHub\Lessons\lesson4\lesson4\funcs.cpp(1,1): warning C4828: Файл содержит знак, начинающийся со смещения 0x600, который является недопустимым в текущей исходной кодировке (кодовая страница 65001).
C:\Users\ДНС\Documents\GitHub\Lessons\lesson4\lesson4\funcs.cpp(1,1): warning C4828: Файл содержит знак, начинающийся со смещения 0x603, который является недопустимым в текущей исходной кодировке (кодовая страница 65001).
C:\Users\ДНС\Documents\GitHub\Lessons\lesson4\lesson4\funcs.cpp(1,1): warning C4828: Файл содержит знак, начинающийся со смещения 0x606, который является недопустимым в текущей исходной кодировке (кодовая страница 65001).
C:\Users\ДНС\Documents\GitHub\Lessons\lesson4\lesson4\funcs.cpp(1,1): warning C4828: Файл содержит знак, начинающийся со смещения 0x6c7, который является недопустимым в текущей исходной кодировке (кодовая страница 65001).
C:\Users\ДНС\Documents\GitHub\Lessons\lesson4\lesson4\funcs.cpp(1,1): warning C4828: Файл содержит знак, начинающийся со смещения 0x6ca, который является недопустимым в текущей исходной кодировке (кодовая страница 65001).
C:\Users\ДНС\Documents\GitHub\Lessons\lesson4\lesson4\funcs.cpp(1,1): warning C4828: Файл содержит знак, начинающийся со смещения 0x6cb, который является недопустимым в текущей исходной кодировке (кодовая страница 65001).
C:\Users\ДНС\Documents\GitHub\Lessons\lesson4\lesson4\funcs.cpp(1,1): warning C4828: Файл содержит знак, начинающийся со смещения 0x6ce, который является недопустимым в текущей исходной кодировке (кодовая страница 65001).
C:\Users\ДНС\Documents\GitHub\Lessons\lesson4\lesson4\funcs.cpp(1,1): warning C4828: Файл содержит знак, начинающийся со смещения 0x6d1, который является недопустимым в текущей исходной кодировке (кодовая страница 65001).
C:\Users\ДНС\Documents\GitHub\Lessons\lesson4\lesson4\funcs.cpp(1,1): warning C4828: Файл содержит знак, начинающийся со смещения 0x6d3, который является недопустимым в текущей исходной кодировке (кодовая страница 65001).
C:\Users\ДНС\Documents\GitHub\Lessons\lesson4\lesson4\funcs.cpp(1,1): warning C4828: Файл содержит знак, начинающийся со смещения 0x6d6, который является недопустимым в текущей исходной кодировке (кодовая страница 65001).
C:\Users\ДНС\Documents\GitHub\Lessons\lesson4\lesson4\funcs.cpp(1,1): warning C4828: Файл содержит знак, начинающийся со смещения 0x6da, который является недопустимым в текущей исходной кодировке (кодовая страница 65001).
C:\Users\ДНС\Documents\GitHub\Lessons\lesson4\lesson4\funcs.cpp(1,1): warning C4828: Файл содержит знак, начинающийся со смещения 0x6db, который является недопустимым в текущей исходной кодировке (кодовая страница 65001).
C:\Users\ДНС\Documents\GitHub\Lessons\lesson4\lesson4\funcs.cpp(1,1): warning C4828: Файл содержит знак, начинающийся со смещения 0x6df, который является недопустимым в текущей исходной кодировке (кодовая страница 65001).
C:\Users\ДНС\Documents\GitHub\Lessons\lesson4\lesson4\funcs.cpp(1,1): warning C4828: Файл содержит знак, начинающийся со смещения 0x6e3, который является недопустимым в текущей исходной кодировке (кодовая страница 65001).
C:\Users\ДНС\Documents\GitHub\Lessons\lesson4\lesson4\funcs.cpp(1,1): warning C4828: Файл содержит знак, начинающийся со смещения 0x7ce, который является недопустимым в текущей исходной кодировке (кодовая страница 65001).
C:\Users\ДНС\Documents\GitHub\Lessons\lesson4\lesson4\funcs.cpp(1,1): warning C4828: Файл содержит знак, начинающийся со смещения 0x7d0, который является недопустимым в текущей исходной кодировке (кодовая страница 65001).
C:\Users\ДНС\Documents\GitHub\Lessons\lesson4\lesson4\funcs.cpp(1,1): warning C4828: Файл содержит знак, начинающийся со смещения 0x7d3, который является недопустимым в текущей исходной кодировке (кодовая страница 65001).
C:\Users\ДНС\Documents\GitHub\Lessons\lesson4\lesson4\funcs.cpp(1,1): warning C4828: Файл содержит знак, начинающийся со смещения 0x7d7, который является недопустимым в текущей исходной кодировке (кодовая страница 65001).
C:\Users\ДНС\Documents\GitHub\Lessons\lesson4\lesson4\funcs.cpp(1,1): warning C4828: Файл содержит знак, начинающийся со смещения 0x7da, который является недопустимым в текущей исходной кодировке (кодовая страница 65001).
C:\Users\ДНС\Documents\GitHub\Lessons\lesson4\lesson4\funcs.cpp(1,1): warning C4828: Файл содержит знак, начинающийся со смещения 0x7dd, который является недопустимым в текущей исходной кодировке (кодовая страница 65001).
C:\Users\ДНС\Documents\GitHub\Lessons\lesson4\lesson4\funcs.cpp(1,1): warning C4828: Файл содержит знак, начинающийся со смещения 0x873, который является недопустимым в текущей исходной кодировке (кодовая страница 65001).
C:\Users\ДНС\Documents\GitHub\Lessons\lesson4\lesson4\funcs.cpp(1,1): warning C4828: Файл содержит знак, начинающийся со смещения 0x875, который является недопустимым в текущей исходной кодировке (кодовая страница 65001).
C:\Users\ДНС\Documents\GitHub\Lessons\lesson4\lesson4\funcs.cpp(1,1): warning C4828: Файл содержит знак, начинающийся со смещения 0x878, который является недопустимым в текущей исходной кодировке (кодовая страница 65001).
C:\Users\ДНС\Documents\GitHub\Lessons\lesson4\lesson4\funcs.cpp(1,1): warning C4828: Файл содержит знак, начинающийся со смещения 0x87c, который является недопустимым в текущей исходной кодировке (кодовая страница 65001).
C:\Users\ДНС\Documents\GitHub\Lessons\lesson4\lesson4\funcs.cpp(1,1): warning C4828: Файл содержит знак, начинающийся со смещения 0x87f, который является недопустимым в текущей исходной кодировке (кодовая страница 65001).
C:\Users\ДНС\Documents\GitHub\Lessons\lesson4\lesson4\funcs.cpp(1,1): warning C4828: Файл содержит знак, начинающийся со смещения 0x883, который является недопустимым в текущей исходной кодировке (кодовая страница 65001).
C:\Users\ДНС\Documents\GitHub\Lessons\lesson4\lesson4\funcs.cpp(1,1): warning C4828: Файл содержит знак, начинающийся со смещения 0x886, который является недопустимым в текущей исходной кодировке (кодовая страница 65001).
C:\Users\ДНС\Documents\GitHub\Lessons\lesson4\lesson4\funcs.cpp(1,1): warning C4828: Файл содержит знак, начинающийся со смещения 0x889, который является недопустимым в текущей исходной кодировке (кодовая страница 65001).
C:\Users\ДНС\Documents\GitHub\Lessons\lesson4\lesson4\funcs.cpp(1,1): warning C4828: Файл содержит знак, начинающийся со смещения 0x88c, который является недопустимым в текущей исходной кодировке (кодовая страница 65001).
C:\Users\ДНС\Documents\GitHub\Lessons\lesson4\lesson4\funcs.cpp(1,1): warning C4828: Файл содержит знак, начинающийся со смещения 0x88f, который является недопустимым в текущей исходной кодировке (кодовая страница 65001).
C:\Users\ДНС\Documents\GitHub\Lessons\lesson4\lesson4\funcs.cpp(1,1): warning C4828: Файл содержит знак, начинающийся со смещения 0x891, который является недопустимым в текущей исходной кодировке (кодовая страница 65001).
C:\Users\ДНС\Documents\GitHub\Lessons\lesson4\lesson4\funcs.cpp(1,1): warning C4828: Файл содержит знак, начинающийся со смещения 0x894, который является недопустимым в текущей исходной кодировке (кодовая страница 65001).
C:\Users\ДНС\Documents\GitHub\Lessons\lesson4\lesson4\funcs.cpp(1,1): warning C4828: Файл содержит знак, начинающийся со смещения 0x898, который является недопустимым в текущей исходной кодировке (кодовая страница 65001).
C:\Users\ДНС\Documents\GitHub\Lessons\lesson4\lesson4\funcs.cpp(1,1): warning C4828: Файл содержит знак, начинающийся со смещения 0x89c, который является недопустимым в текущей исходной кодировке (кодовая страница 65001).
C:\Users\ДНС\Documents\GitHub\Lessons\lesson4\lesson4\funcs.cpp(1,1): warning C4828: Файл содержит знак, начинающийся со смещения 0x8a0, который является недопустимым в текущей исходной кодировке (кодовая страница 65001).
C:\Users\ДНС\Documents\GitHub\Lessons\lesson4\lesson4\funcs.cpp(1,1): warning C4828: Файл содержит знак, начинающийся со смещения 0x8a4, который является недопустимым в текущей исходной кодировке (кодовая страница 65001).
C:\Users\ДНС\Documents\GitHub\Lessons\lesson4\lesson4\funcs.cpp(5,20): warning C4018: <: несоответствие типов со знаком и без знака
C:\Users\ДНС\Documents\GitHub\Lessons\lesson4\lesson4\funcs.cpp(94,21): warning C4018: <: несоответствие типов со знаком и без знака
  lesson4.cpp
  Создание кода...
  lesson4.vcxproj -> C:\Users\ДНС\Documents\GitHub\Lessons\lesson4\Debug\lesson4.exe
